2025-11-20T19:38:22.291832+00:00 WARNING 'ansible_navigator.image_manager.puller._log_message' Image inspection failed, image assumed to be corrupted or missing
2025-11-20T19:38:22.292417+00:00 WARNING 'ansible_navigator.image_manager.puller._log_message' stdout: 
2025-11-20T19:38:22.292445+00:00 WARNING 'ansible_navigator.image_manager.puller._log_message' stderr: time="2025-11-20T12:38:22-07:00" level=error msg="mkdir /run/user/0/libpod: permission denied"

2025-11-20T19:38:22.304632+00:00 ERROR 'ansible_navigator.image_manager.puller._log_message' Execution environment pull failed
2025-11-20T19:38:59.580815+00:00 WARNING 'ansible_navigator.image_manager.puller._log_message' Image inspection failed, image assumed to be corrupted or missing
2025-11-20T19:38:59.581085+00:00 WARNING 'ansible_navigator.image_manager.puller._log_message' stdout: 
2025-11-20T19:38:59.581106+00:00 WARNING 'ansible_navigator.image_manager.puller._log_message' stderr: time="2025-11-20T12:38:59-07:00" level=error msg="mkdir /run/user/0/libpod: permission denied"

2025-11-20T19:38:59.593852+00:00 ERROR 'ansible_navigator.image_manager.puller._log_message' Execution environment pull failed
2025-11-20T19:39:19.982032+00:00 WARNING 'ansible_navigator.image_manager.puller._log_message' Image inspection failed, image assumed to be corrupted or missing
2025-11-20T19:39:19.982303+00:00 WARNING 'ansible_navigator.image_manager.puller._log_message' stdout: 
2025-11-20T19:39:19.982324+00:00 WARNING 'ansible_navigator.image_manager.puller._log_message' stderr: time="2025-11-20T12:39:19-07:00" level=error msg="mkdir /run/user/0/libpod: permission denied"

2025-11-20T19:39:19.991349+00:00 ERROR 'ansible_navigator.image_manager.puller._log_message' Execution environment pull failed
2025-11-20T19:39:53.931186+00:00 WARNING 'ansible_navigator.image_manager.puller._log_message' Image inspection failed, image assumed to be corrupted or missing
2025-11-20T19:39:53.931459+00:00 WARNING 'ansible_navigator.image_manager.puller._log_message' stdout: 
2025-11-20T19:39:53.931484+00:00 WARNING 'ansible_navigator.image_manager.puller._log_message' stderr: time="2025-11-20T12:39:53-07:00" level=error msg="mkdir /run/user/0/libpod: permission denied"

2025-11-20T19:39:53.942681+00:00 ERROR 'ansible_navigator.image_manager.puller._log_message' Execution environment pull failed
2025-11-20T19:40:08.764062+00:00 WARNING 'ansible_navigator.image_manager.puller._log_message' Image inspection failed, image assumed to be corrupted or missing
2025-11-20T19:40:08.764323+00:00 WARNING 'ansible_navigator.image_manager.puller._log_message' stdout: 
2025-11-20T19:40:08.764344+00:00 WARNING 'ansible_navigator.image_manager.puller._log_message' stderr: time="2025-11-20T12:40:08-07:00" level=error msg="mkdir /run/user/0/libpod: permission denied"

2025-11-20T19:40:08.773990+00:00 ERROR 'ansible_navigator.image_manager.puller._log_message' Execution environment pull failed
2025-11-20T19:45:36.604059+00:00 WARNING 'ansible_navigator.image_manager.puller._log_message' Image inspection failed, image assumed to be corrupted or missing
2025-11-20T19:45:36.604351+00:00 WARNING 'ansible_navigator.image_manager.puller._log_message' stdout: []

2025-11-20T19:45:36.604376+00:00 WARNING 'ansible_navigator.image_manager.puller._log_message' stderr: Error: 192.168.124.24/ee-minimal-rhel8:latest: image not known

2025-11-20T19:45:36.698149+00:00 ERROR 'ansible_navigator.image_manager.puller._log_message' Execution environment pull failed
2025-11-20T19:45:49.601917+00:00 WARNING 'ansible_navigator.image_manager.puller._log_message' Image inspection failed, image assumed to be corrupted or missing
2025-11-20T19:45:49.602206+00:00 WARNING 'ansible_navigator.image_manager.puller._log_message' stdout: []

2025-11-20T19:45:49.602227+00:00 WARNING 'ansible_navigator.image_manager.puller._log_message' stderr: Error: 192.168.124.24/ee-minimal-rhel8:latest: image not known

2025-11-20T19:45:49.692797+00:00 ERROR 'ansible_navigator.image_manager.puller._log_message' Execution environment pull failed
2025-11-20T19:45:52.148989+00:00 WARNING 'ansible_navigator.image_manager.puller._log_message' Image inspection failed, image assumed to be corrupted or missing
2025-11-20T19:45:52.149277+00:00 WARNING 'ansible_navigator.image_manager.puller._log_message' stdout: []

2025-11-20T19:45:52.149301+00:00 WARNING 'ansible_navigator.image_manager.puller._log_message' stderr: Error: 192.168.124.24/ee-minimal-rhel8:latest: image not known

2025-11-20T19:45:52.237085+00:00 ERROR 'ansible_navigator.image_manager.puller._log_message' Execution environment pull failed
2025-11-20T19:47:03.478823+00:00 WARNING 'ansible_navigator.image_manager.puller._log_message' Image inspection failed, image assumed to be corrupted or missing
2025-11-20T19:47:03.479131+00:00 WARNING 'ansible_navigator.image_manager.puller._log_message' stdout: []

2025-11-20T19:47:03.479155+00:00 WARNING 'ansible_navigator.image_manager.puller._log_message' stderr: Error: 192.168.124.24/ee-minimal-rhel8:latest: image not known

2025-11-20T19:47:03.574295+00:00 ERROR 'ansible_navigator.image_manager.puller._log_message' Execution environment pull failed
2025-11-20T19:48:22.281708+00:00 WARNING 'ansible_navigator.image_manager.puller._log_message' Image inspection failed, image assumed to be corrupted or missing
2025-11-20T19:48:22.282001+00:00 WARNING 'ansible_navigator.image_manager.puller._log_message' stdout: []

2025-11-20T19:48:22.282026+00:00 WARNING 'ansible_navigator.image_manager.puller._log_message' stderr: Error: 192.168.124.24/ee-minimal-rhel8:latest: image not known

2025-11-20T19:48:22.376748+00:00 ERROR 'ansible_navigator.image_manager.puller._log_message' Execution environment pull failed
2025-11-20T19:48:32.354246+00:00 WARNING 'ansible_navigator.image_manager.puller._log_message' Image inspection failed, image assumed to be corrupted or missing
2025-11-20T19:48:32.354795+00:00 WARNING 'ansible_navigator.image_manager.puller._log_message' stdout: []

2025-11-20T19:48:32.354851+00:00 WARNING 'ansible_navigator.image_manager.puller._log_message' stderr: Error: 192.168.124.24/ee-minimal-rhel8:latest: image not known

2025-11-20T19:48:32.452333+00:00 ERROR 'ansible_navigator.image_manager.puller._log_message' Execution environment pull failed
2025-11-20T19:49:15.317912+00:00 WARNING 'ansible_navigator.image_manager.puller._log_message' Image inspection failed, image assumed to be corrupted or missing
2025-11-20T19:49:15.318317+00:00 WARNING 'ansible_navigator.image_manager.puller._log_message' stdout: []

2025-11-20T19:49:15.318346+00:00 WARNING 'ansible_navigator.image_manager.puller._log_message' stderr: Error: 192.168.124.24/ee-minimal-rhel8:latest: image not known

2025-11-20T19:49:15.418131+00:00 ERROR 'ansible_navigator.image_manager.puller._log_message' Execution environment pull failed
2025-11-20T19:49:21.327009+00:00 WARNING 'ansible_navigator.image_manager.puller._log_message' Image inspection failed, image assumed to be corrupted or missing
2025-11-20T19:49:21.327325+00:00 WARNING 'ansible_navigator.image_manager.puller._log_message' stdout: []

2025-11-20T19:49:21.327354+00:00 WARNING 'ansible_navigator.image_manager.puller._log_message' stderr: Error: 192.168.124.24/ee-minimal-rhel8:latest: image not known

2025-11-20T19:49:21.420473+00:00 ERROR 'ansible_navigator.image_manager.puller._log_message' Execution environment pull failed
2025-11-20T19:50:26.517659+00:00 WARNING 'ansible_navigator.image_manager.puller._log_message' Image inspection failed, image assumed to be corrupted or missing
2025-11-20T19:50:26.517929+00:00 WARNING 'ansible_navigator.image_manager.puller._log_message' stdout: []

2025-11-20T19:50:26.517951+00:00 WARNING 'ansible_navigator.image_manager.puller._log_message' stderr: Error: 192.168.124.24/ee-supported-rhel8:latest: image not known

2025-11-20T19:50:26.614212+00:00 ERROR 'ansible_navigator.image_manager.puller._log_message' Execution environment pull failed
2025-11-20T20:05:10.881221+00:00 WARNING 'ansible_navigator.image_manager.puller._log_message' Image inspection failed, image assumed to be corrupted or missing
2025-11-20T20:05:10.881949+00:00 WARNING 'ansible_navigator.image_manager.puller._log_message' stdout: []

2025-11-20T20:05:10.882005+00:00 WARNING 'ansible_navigator.image_manager.puller._log_message' stderr: Error: 192.168.124.24/ee-minimal-rhel8:latest: image not known

2025-11-20T20:05:10.981774+00:00 ERROR 'ansible_navigator.image_manager.puller._log_message' Execution environment pull failed
2025-11-20T20:08:53.194620+00:00 INFO 'ansible_navigator.setup_logger' New ansible-navigator instance, logging initialized
2025-11-20T20:08:53.195107+00:00 INFO 'ansible_navigator.setup_logger' New ansible-runner instance, logging initialized
2025-11-20T20:08:53.195149+00:00 DEBUG 'ansible_navigator.main' Jinja2==3.1.6 
2025-11-20T20:08:53.195167+00:00 DEBUG 'ansible_navigator.main' MarkupSafe==3.0.3 
2025-11-20T20:08:53.195179+00:00 DEBUG 'ansible_navigator.main' Parsley==1.3 
2025-11-20T20:08:53.195189+00:00 DEBUG 'ansible_navigator.main' PySocks==1.7.1 
2025-11-20T20:08:53.195199+00:00 DEBUG 'ansible_navigator.main' PyYAML==5.4.1 
2025-11-20T20:08:53.195208+00:00 DEBUG 'ansible_navigator.main' Pygments==2.19.2 
2025-11-20T20:08:53.195218+00:00 DEBUG 'ansible_navigator.main' ansible-builder==3.1.1 
2025-11-20T20:08:53.195228+00:00 DEBUG 'ansible_navigator.main' ansible-compat==24.10.0 
2025-11-20T20:08:53.195238+00:00 DEBUG 'ansible_navigator.main' ansible-core==2.15.13 
2025-11-20T20:08:53.195248+00:00 DEBUG 'ansible_navigator.main' ansible-lint==6.22.2 
2025-11-20T20:08:53.195258+00:00 DEBUG 'ansible_navigator.main' ansible-navigator==24.2.0 
2025-11-20T20:08:53.195268+00:00 DEBUG 'ansible_navigator.main' ansible-runner==2.4.2 
2025-11-20T20:08:53.195278+00:00 DEBUG 'ansible_navigator.main' ansible==8.7.0 /usr/local/lib/python3.9/site-packages/ansible/__init__.py
2025-11-20T20:08:53.195287+00:00 DEBUG 'ansible_navigator.main' attrs==25.4.0 /usr/local/lib/python3.9/site-packages/attrs/__init__.py
2025-11-20T20:08:53.195297+00:00 DEBUG 'ansible_navigator.main' bindep==2.13.0 /usr/local/lib/python3.9/site-packages/bindep/__init__.py
2025-11-20T20:08:53.195307+00:00 DEBUG 'ansible_navigator.main' black==25.11.0 /usr/local/lib64/python3.9/site-packages/black/__init__.cpython-39-x86_64-linux-gnu.so
2025-11-20T20:08:53.195318+00:00 DEBUG 'ansible_navigator.main' bracex==2.6 /usr/local/lib/python3.9/site-packages/bracex/__init__.py
2025-11-20T20:08:53.195328+00:00 DEBUG 'ansible_navigator.main' cffi==1.14.5 /usr/lib64/python3.9/site-packages/cffi/__init__.py
2025-11-20T20:08:53.195338+00:00 DEBUG 'ansible_navigator.main' chardet==4.0.0 /usr/lib/python3.9/site-packages/chardet/__init__.py
2025-11-20T20:08:53.195348+00:00 DEBUG 'ansible_navigator.main' click==8.1.8 /usr/local/lib/python3.9/site-packages/click/__init__.py
2025-11-20T20:08:53.195357+00:00 DEBUG 'ansible_navigator.main' cockpit==323.1 /usr/lib/python3.9/site-packages/cockpit/__init__.py
2025-11-20T20:08:53.195367+00:00 DEBUG 'ansible_navigator.main' cryptography==36.0.1 /usr/lib64/python3.9/site-packages/cryptography/__init__.py
2025-11-20T20:08:53.195376+00:00 DEBUG 'ansible_navigator.main' dasbus==1.4 /usr/lib/python3.9/site-packages/dasbus/__init__.py
2025-11-20T20:08:53.195386+00:00 DEBUG 'ansible_navigator.main' dbus-python==1.2.18 
2025-11-20T20:08:53.195395+00:00 DEBUG 'ansible_navigator.main' decorator==4.4.2 /usr/lib/python3.9/site-packages/decorator.py
2025-11-20T20:08:53.195405+00:00 DEBUG 'ansible_navigator.main' distro==1.9.0 /usr/local/lib/python3.9/site-packages/distro/__init__.py
2025-11-20T20:08:53.195414+00:00 DEBUG 'ansible_navigator.main' file-magic==0.4.0 
2025-11-20T20:08:53.195424+00:00 DEBUG 'ansible_navigator.main' filelock==3.19.1 /usr/local/lib/python3.9/site-packages/filelock/__init__.py
2025-11-20T20:08:53.195433+00:00 DEBUG 'ansible_navigator.main' idna==2.10 /usr/lib/python3.9/site-packages/idna/__init__.py
2025-11-20T20:08:53.195442+00:00 DEBUG 'ansible_navigator.main' importlib-metadata==6.2.1 
2025-11-20T20:08:53.195452+00:00 DEBUG 'ansible_navigator.main' importlib-resources==5.0.7 
2025-11-20T20:08:53.195461+00:00 DEBUG 'ansible_navigator.main' iniparse==0.4 /usr/lib/python3.9/site-packages/iniparse/__init__.py
2025-11-20T20:08:53.195474+00:00 DEBUG 'ansible_navigator.main' jsonschema-specifications==2025.9.1 
2025-11-20T20:08:53.195483+00:00 DEBUG 'ansible_navigator.main' jsonschema==4.25.1 /usr/local/lib/python3.9/site-packages/jsonschema/__init__.py
2025-11-20T20:08:53.195493+00:00 DEBUG 'ansible_navigator.main' lockfile==0.12.2 /usr/local/lib/python3.9/site-packages/lockfile/__init__.py
2025-11-20T20:08:53.195517+00:00 DEBUG 'ansible_navigator.main' lxml==4.6.5 /usr/lib64/python3.9/site-packages/lxml/__init__.py
2025-11-20T20:08:53.195528+00:00 DEBUG 'ansible_navigator.main' markdown-it-py==3.0.0 
2025-11-20T20:08:53.195537+00:00 DEBUG 'ansible_navigator.main' mdurl==0.1.2 /usr/local/lib/python3.9/site-packages/mdurl/__init__.py
2025-11-20T20:08:53.195547+00:00 DEBUG 'ansible_navigator.main' mypy_extensions==1.1.0 /usr/local/lib/python3.9/site-packages/mypy_extensions.py
2025-11-20T20:08:53.195556+00:00 DEBUG 'ansible_navigator.main' nftables==0.1 /usr/lib/python3.9/site-packages/nftables/__init__.py
2025-11-20T20:08:53.195566+00:00 DEBUG 'ansible_navigator.main' onigurumacffi==1.4.1 /usr/local/lib64/python3.9/site-packages/onigurumacffi.py
2025-11-20T20:08:53.195575+00:00 DEBUG 'ansible_navigator.main' packaging==25.0 /usr/local/lib/python3.9/site-packages/packaging/__init__.py
2025-11-20T20:08:53.195584+00:00 DEBUG 'ansible_navigator.main' pathspec==0.12.1 /usr/local/lib/python3.9/site-packages/pathspec/__init__.py
2025-11-20T20:08:53.195593+00:00 DEBUG 'ansible_navigator.main' pbr==7.0.3 /usr/local/lib/python3.9/site-packages/pbr/__init__.py
2025-11-20T20:08:53.195603+00:00 DEBUG 'ansible_navigator.main' perf==0.1 /usr/lib64/python3.9/site-packages/perf.cpython-39-x86_64-linux-gnu.so
2025-11-20T20:08:53.195612+00:00 DEBUG 'ansible_navigator.main' pip==21.3.1 /usr/lib/python3.9/site-packages/pip/__init__.py
2025-11-20T20:08:53.195621+00:00 DEBUG 'ansible_navigator.main' platformdirs==4.4.0 /usr/local/lib/python3.9/site-packages/platformdirs/__init__.py
2025-11-20T20:08:53.195631+00:00 DEBUG 'ansible_navigator.main' ply==3.11 /usr/lib/python3.9/site-packages/ply/__init__.py
2025-11-20T20:08:53.195640+00:00 DEBUG 'ansible_navigator.main' psutil==5.8.0 /usr/lib64/python3.9/site-packages/psutil/__init__.py
2025-11-20T20:08:53.195649+00:00 DEBUG 'ansible_navigator.main' pycairo==1.20.1 
2025-11-20T20:08:53.195658+00:00 DEBUG 'ansible_navigator.main' pycparser==2.20 /usr/lib/python3.9/site-packages/pycparser/__init__.py
2025-11-20T20:08:53.195668+00:00 DEBUG 'ansible_navigator.main' pyinotify==0.9.6 /usr/lib/python3.9/site-packages/pyinotify.py
2025-11-20T20:08:53.195677+00:00 DEBUG 'ansible_navigator.main' pyparsing==2.4.7 /usr/lib/python3.9/site-packages/pyparsing.py
2025-11-20T20:08:53.195686+00:00 DEBUG 'ansible_navigator.main' python-daemon==3.1.2 
2025-11-20T20:08:53.195695+00:00 DEBUG 'ansible_navigator.main' python-dateutil==2.8.1 
2025-11-20T20:08:53.195705+00:00 DEBUG 'ansible_navigator.main' python-linux-procfs==0.7.3 
2025-11-20T20:08:53.195714+00:00 DEBUG 'ansible_navigator.main' pytokens==0.3.0 /usr/local/lib/python3.9/site-packages/pytokens/__init__.py
2025-11-20T20:08:53.195724+00:00 DEBUG 'ansible_navigator.main' pyudev==0.22.0 /usr/lib/python3.9/site-packages/pyudev/__init__.py
2025-11-20T20:08:53.195733+00:00 DEBUG 'ansible_navigator.main' referencing==0.36.2 /usr/local/lib/python3.9/site-packages/referencing/__init__.py
2025-11-20T20:08:53.195743+00:00 DEBUG 'ansible_navigator.main' requests==2.25.1 /usr/lib/python3.9/site-packages/requests/__init__.py
2025-11-20T20:08:53.195753+00:00 DEBUG 'ansible_navigator.main' resolvelib==0.5.4 /usr/lib/python3.9/site-packages/resolvelib/__init__.py
2025-11-20T20:08:53.195762+00:00 DEBUG 'ansible_navigator.main' rich==14.2.0 /usr/local/lib/python3.9/site-packages/rich/__init__.py
2025-11-20T20:08:53.195771+00:00 DEBUG 'ansible_navigator.main' rpds-py==0.27.1 
2025-11-20T20:08:53.195780+00:00 DEBUG 'ansible_navigator.main' ruamel.yaml.clib==0.2.15 
2025-11-20T20:08:53.195789+00:00 DEBUG 'ansible_navigator.main' ruamel.yaml==0.18.16 /usr/local/lib/python3.9/site-packages/ruamel/yaml/__init__.py
2025-11-20T20:08:53.195800+00:00 DEBUG 'ansible_navigator.main' selinux==3.6 /usr/lib64/python3.9/site-packages/selinux/__init__.py
2025-11-20T20:08:53.195810+00:00 DEBUG 'ansible_navigator.main' sepolicy==3.6 /usr/lib/python3.9/site-packages/sepolicy/__init__.py
2025-11-20T20:08:53.195820+00:00 DEBUG 'ansible_navigator.main' setools==4.4.4 /usr/lib64/python3.9/site-packages/setools/__init__.py
2025-11-20T20:08:53.195829+00:00 DEBUG 'ansible_navigator.main' setroubleshoot==3.3.32 /usr/lib/python3.9/site-packages/setroubleshoot/__init__.py
2025-11-20T20:08:53.195838+00:00 DEBUG 'ansible_navigator.main' setuptools==53.0.0 /usr/lib/python3.9/site-packages/setuptools/__init__.py
2025-11-20T20:08:53.195848+00:00 DEBUG 'ansible_navigator.main' six==1.15.0 /usr/lib/python3.9/site-packages/six.py
2025-11-20T20:08:53.195858+00:00 DEBUG 'ansible_navigator.main' sos==4.8.2 /usr/lib/python3.9/site-packages/sos/__init__.py
2025-11-20T20:08:53.195867+00:00 DEBUG 'ansible_navigator.main' subprocess-tee==0.4.2 
2025-11-20T20:08:53.195876+00:00 DEBUG 'ansible_navigator.main' subscription-manager==1.29.42 
2025-11-20T20:08:53.195885+00:00 DEBUG 'ansible_navigator.main' tomli==2.3.0 /usr/local/lib/python3.9/site-packages/tomli/__init__.py
2025-11-20T20:08:53.195894+00:00 DEBUG 'ansible_navigator.main' typing_extensions==4.15.0 /usr/local/lib/python3.9/site-packages/typing_extensions.py
2025-11-20T20:08:53.195903+00:00 DEBUG 'ansible_navigator.main' tzdata==2025.2 /usr/local/lib/python3.9/site-packages/tzdata/__init__.py
2025-11-20T20:08:53.195912+00:00 DEBUG 'ansible_navigator.main' urllib3==1.26.5 /usr/lib/python3.9/site-packages/urllib3/__init__.py
2025-11-20T20:08:53.195922+00:00 DEBUG 'ansible_navigator.main' wcmatch==10.1 /usr/local/lib/python3.9/site-packages/wcmatch/__init__.py
2025-11-20T20:08:53.195932+00:00 DEBUG 'ansible_navigator.main' yamllint==1.37.1 /usr/local/lib/python3.9/site-packages/yamllint/__init__.py
2025-11-20T20:08:53.195941+00:00 DEBUG 'ansible_navigator.main' zipp==3.23.0 /usr/local/lib/python3.9/site-packages/zipp/__init__.py
2025-11-20T20:08:53.195951+00:00 DEBUG 'ansible_navigator.main' Default collection_doc_cache_path set to: /root/.cache/ansible-navigator/collection_doc_cache.db
2025-11-20T20:08:53.195960+00:00 DEBUG 'ansible_navigator.main' EDITOR environment variable not set
2025-11-20T20:08:53.195970+00:00 DEBUG 'ansible_navigator.main' Default editor_command set to: vi +{line_number} {filename}
2025-11-20T20:08:53.195979+00:00 DEBUG 'ansible_navigator.main' No config file set by ANSIBLE_NAVIGATOR_CONFIG
2025-11-20T20:08:53.195988+00:00 DEBUG 'ansible_navigator.main' Looking in /root
2025-11-20T20:08:53.195997+00:00 DEBUG 'ansible_navigator.main' Looking for '/root/.ansible-navigator.yml', '/root/.ansible-navigator.yaml' and '/root/.ansible-navigator.json'
2025-11-20T20:08:53.196007+00:00 DEBUG 'ansible_navigator.main' Found 0: 
2025-11-20T20:08:53.196016+00:00 DEBUG 'ansible_navigator.main' Looking in /home/ansible/ansible
2025-11-20T20:08:53.196026+00:00 DEBUG 'ansible_navigator.main' Looking for '/home/ansible/ansible/ansible-navigator.yml', '/home/ansible/ansible/ansible-navigator.yaml' and '/home/ansible/ansible/ansible-navigator.json'
2025-11-20T20:08:53.196035+00:00 DEBUG 'ansible_navigator.main' Found 1: '/home/ansible/ansible/ansible-navigator.yml'
2025-11-20T20:08:53.196044+00:00 DEBUG 'ansible_navigator.main' All found 1: '/home/ansible/ansible/ansible-navigator.yml'
2025-11-20T20:08:53.196053+00:00 DEBUG 'ansible_navigator.main' Using: /home/ansible/ansible/ansible-navigator.yml
2025-11-20T20:08:53.196063+00:00 DEBUG 'ansible_navigator.main' Using settings file at /home/ansible/ansible/ansible-navigator.yml in search path
2025-11-20T20:08:53.196072+00:00 DEBUG 'ansible_navigator.main' Command provided: 'collection install ansible.builtin --eei 192.168.124.24/ee-supported-rhel8:latest'
2025-11-20T20:08:53.196081+00:00 DEBUG 'ansible_navigator.main' ansible-navigator.ansible-runner.artifact-dir not found in settings file
2025-11-20T20:08:53.196091+00:00 DEBUG 'ansible_navigator.main' ansible-navigator.ansible-runner.rotate-artifacts-count not found in settings file
2025-11-20T20:08:53.196101+00:00 DEBUG 'ansible_navigator.main' ansible-navigator.ansible-runner.timeout not found in settings file
2025-11-20T20:08:53.196110+00:00 DEBUG 'ansible_navigator.main' ansible-navigator.ansible.cmdline not found in settings file
2025-11-20T20:08:53.196120+00:00 DEBUG 'ansible_navigator.main' ansible-navigator.ansible.config.path not found in settings file
2025-11-20T20:08:53.196133+00:00 DEBUG 'ansible_navigator.main' ansible-navigator.execution-environment.container-options not found in settings file
2025-11-20T20:08:53.196145+00:00 DEBUG 'ansible_navigator.main' ansible-navigator.execution-environment.volume-mounts not found in settings file
2025-11-20T20:08:53.196154+00:00 DEBUG 'ansible_navigator.main' ansible-navigator.ansible.inventory.entries not found in settings file
2025-11-20T20:08:53.196164+00:00 DEBUG 'ansible_navigator.main' ansible-navigator.inventory-columns not found in settings file
2025-11-20T20:08:53.196174+00:00 DEBUG 'ansible_navigator.main' ansible-navigator.ansible-lint.config not found in settings file
2025-11-20T20:08:53.196183+00:00 DEBUG 'ansible_navigator.main' ansible-navigator.ansible-lint.lintables not found in settings file
2025-11-20T20:08:53.196193+00:00 DEBUG 'ansible_navigator.main' ansible-navigator.execution-environment.environment-variables.pass not found in settings file
2025-11-20T20:08:53.196202+00:00 DEBUG 'ansible_navigator.main' ansible-navigator.ansible.playbook.path not found in settings file
2025-11-20T20:08:53.196212+00:00 DEBUG 'ansible_navigator.main' ansible-navigator.playbook-artifact.replay not found in settings file
2025-11-20T20:08:53.196221+00:00 DEBUG 'ansible_navigator.main' ansible-navigator.ansible.doc.plugin.name not found in settings file
2025-11-20T20:08:53.196231+00:00 DEBUG 'ansible_navigator.main' ansible-navigator.execution-environment.pull.arguments not found in settings file
2025-11-20T20:08:53.196241+00:00 DEBUG 'ansible_navigator.main' ansible-navigator.execution-environment.environment-variables.set not found in settings file
2025-11-20T20:08:53.196251+00:00 WARNING 'ansible_navigator.main' Configuration errors encountered, rolling back to previous configuration.
2025-11-20T20:08:53.196261+00:00 DEBUG 'ansible_navigator.main' Prior to rollback: ansible_runner_artifact_dir = 'Not set' (Constants/Not set)
2025-11-20T20:08:53.196271+00:00 DEBUG 'ansible_navigator.main' Prior to rollback: ansible_runner_rotate_artifacts_count = 'Not set' (Constants/Not set)
2025-11-20T20:08:53.196280+00:00 DEBUG 'ansible_navigator.main' Prior to rollback: ansible_runner_timeout = 'Not set' (Constants/Not set)
2025-11-20T20:08:53.196290+00:00 DEBUG 'ansible_navigator.main' Prior to rollback: ansible_runner_write_job_events = 'False' (bool/Settings file)
2025-11-20T20:08:53.196300+00:00 DEBUG 'ansible_navigator.main' Prior to rollback: app = 'settings' (str/Settings file)
2025-11-20T20:08:53.196309+00:00 DEBUG 'ansible_navigator.main' Prior to rollback: cmdline = '['collection', 'install', 'ansible.builtin', '--eei', '192.168.124.24/ee-supported-rhel8:latest']' (list/Command line)
2025-11-20T20:08:53.196318+00:00 DEBUG 'ansible_navigator.main' Prior to rollback: collection_doc_cache_path = '/home/ansible/.cache/ansible-navigator/collection_doc_cache.db' (str/Settings file)
2025-11-20T20:08:53.196328+00:00 DEBUG 'ansible_navigator.main' Prior to rollback: config = 'Not set' (Constants/Not set)
2025-11-20T20:08:53.196337+00:00 DEBUG 'ansible_navigator.main' Prior to rollback: container_engine = 'podman' (str/Settings file)
2025-11-20T20:08:53.196347+00:00 DEBUG 'ansible_navigator.main' Prior to rollback: container_options = 'Not set' (Constants/Not set)
2025-11-20T20:08:53.196356+00:00 DEBUG 'ansible_navigator.main' Prior to rollback: display_color = 'True' (bool/Settings file)
2025-11-20T20:08:53.196366+00:00 DEBUG 'ansible_navigator.main' Prior to rollback: editor_command = 'vi +{line_number} {filename}' (str/Settings file)
2025-11-20T20:08:53.196377+00:00 DEBUG 'ansible_navigator.main' Prior to rollback: editor_console = 'True' (bool/Settings file)
2025-11-20T20:08:53.196392+00:00 DEBUG 'ansible_navigator.main' Prior to rollback: enable_prompts = 'False' (bool/Settings file)
2025-11-20T20:08:53.196402+00:00 DEBUG 'ansible_navigator.main' Prior to rollback: exec_command = '/bin/bash' (str/Settings file)
2025-11-20T20:08:53.196411+00:00 DEBUG 'ansible_navigator.main' Prior to rollback: exec_shell = 'True' (bool/Settings file)
2025-11-20T20:08:53.196420+00:00 DEBUG 'ansible_navigator.main' Prior to rollback: execution_environment = 'True' (bool/Settings file)
2025-11-20T20:08:53.196429+00:00 DEBUG 'ansible_navigator.main' Prior to rollback: execution_environment_image = '192.168.124.24/ee-minimal-rhel8:latest' (str/Settings file)
2025-11-20T20:08:53.196439+00:00 DEBUG 'ansible_navigator.main' Prior to rollback: execution_environment_volume_mounts = 'Not set' (Constants/Not set)
2025-11-20T20:08:53.196449+00:00 DEBUG 'ansible_navigator.main' Prior to rollback: format = 'yaml' (str/Settings file)
2025-11-20T20:08:53.196458+00:00 DEBUG 'ansible_navigator.main' Prior to rollback: help_builder = 'False' (bool/Settings file)
2025-11-20T20:08:53.196467+00:00 DEBUG 'ansible_navigator.main' Prior to rollback: help_config = 'False' (bool/Settings file)
2025-11-20T20:08:53.196477+00:00 DEBUG 'ansible_navigator.main' Prior to rollback: help_doc = 'False' (bool/Settings file)
2025-11-20T20:08:53.196487+00:00 DEBUG 'ansible_navigator.main' Prior to rollback: help_inventory = 'False' (bool/Settings file)
2025-11-20T20:08:53.196496+00:00 DEBUG 'ansible_navigator.main' Prior to rollback: help_playbook = 'False' (bool/Settings file)
2025-11-20T20:08:53.196513+00:00 DEBUG 'ansible_navigator.main' Prior to rollback: images_details = '['everything']' (list/Settings file)
2025-11-20T20:08:53.196523+00:00 DEBUG 'ansible_navigator.main' Prior to rollback: inventory = 'Not set' (Constants/Not set)
2025-11-20T20:08:53.196533+00:00 DEBUG 'ansible_navigator.main' Prior to rollback: inventory_column = 'Not set' (Constants/Not set)
2025-11-20T20:08:53.196543+00:00 DEBUG 'ansible_navigator.main' Prior to rollback: lint_config = 'Not set' (Constants/Not set)
2025-11-20T20:08:53.196551+00:00 DEBUG 'ansible_navigator.main' Prior to rollback: lintables = 'Not set' (Constants/Not set)
2025-11-20T20:08:53.196561+00:00 DEBUG 'ansible_navigator.main' Prior to rollback: log_append = 'True' (bool/Settings file)
2025-11-20T20:08:53.196570+00:00 DEBUG 'ansible_navigator.main' Prior to rollback: log_file = '/home/ansible/ansible/ansible-navigator.log' (str/Settings file)
2025-11-20T20:08:53.196579+00:00 DEBUG 'ansible_navigator.main' Prior to rollback: log_level = 'warning' (str/Settings file)
2025-11-20T20:08:53.196589+00:00 DEBUG 'ansible_navigator.main' Prior to rollback: mode = 'stdout' (str/Settings file)
2025-11-20T20:08:53.196599+00:00 DEBUG 'ansible_navigator.main' Prior to rollback: osc4 = 'True' (bool/Settings file)
2025-11-20T20:08:53.196614+00:00 DEBUG 'ansible_navigator.main' Prior to rollback: pass_environment_variable = 'Not set' (Constants/Not set)
2025-11-20T20:08:53.196625+00:00 DEBUG 'ansible_navigator.main' Prior to rollback: playbook = 'Not set' (Constants/Not set)
2025-11-20T20:08:53.196635+00:00 DEBUG 'ansible_navigator.main' Prior to rollback: playbook_artifact_enable = 'False' (bool/Settings file)
2025-11-20T20:08:53.196644+00:00 DEBUG 'ansible_navigator.main' Prior to rollback: playbook_artifact_replay = 'Not set' (Constants/Not set)
2025-11-20T20:08:53.196654+00:00 DEBUG 'ansible_navigator.main' Prior to rollback: playbook_artifact_save_as = '{playbook_dir}/{playbook_name}-artifact-{time_stamp}.json' (str/Settings file)
2025-11-20T20:08:53.196663+00:00 DEBUG 'ansible_navigator.main' Prior to rollback: plugin_name = 'Not set' (Constants/Not set)
2025-11-20T20:08:53.196672+00:00 DEBUG 'ansible_navigator.main' Prior to rollback: plugin_type = 'module' (str/Settings file)
2025-11-20T20:08:53.196681+00:00 DEBUG 'ansible_navigator.main' Prior to rollback: pull_arguments = 'Not set' (Constants/Not set)
2025-11-20T20:08:53.196692+00:00 DEBUG 'ansible_navigator.main' Prior to rollback: pull_policy = 'missing' (str/Settings file)
2025-11-20T20:08:53.196702+00:00 DEBUG 'ansible_navigator.main' Prior to rollback: set_environment_variable = 'Not set' (Constants/Not set)
2025-11-20T20:08:53.196712+00:00 DEBUG 'ansible_navigator.main' Prior to rollback: settings_effective = 'True' (bool/Settings file)
2025-11-20T20:08:53.196721+00:00 DEBUG 'ansible_navigator.main' Prior to rollback: settings_sample = 'False' (bool/Settings file)
2025-11-20T20:08:53.196731+00:00 DEBUG 'ansible_navigator.main' Prior to rollback: settings_schema = 'json' (str/Settings file)
2025-11-20T20:08:53.196741+00:00 DEBUG 'ansible_navigator.main' Prior to rollback: settings_sources = 'False' (bool/Settings file)
2025-11-20T20:08:53.196750+00:00 DEBUG 'ansible_navigator.main' Prior to rollback: time_zone = 'UTC' (str/Settings file)
2025-11-20T20:08:53.196759+00:00 DEBUG 'ansible_navigator.main' Prior to rollback: workdir = '/home/ansible/ansible' (str/Settings file)
2025-11-20T20:08:53.196768+00:00 DEBUG 'ansible_navigator.main' After rollback: ansible_runner_artifact_dir = 'Not set' (Constants/Not set)
2025-11-20T20:08:53.196777+00:00 DEBUG 'ansible_navigator.main' After rollback: ansible_runner_rotate_artifacts_count = 'Not set' (Constants/Not set)
2025-11-20T20:08:53.196787+00:00 DEBUG 'ansible_navigator.main' After rollback: ansible_runner_timeout = 'Not set' (Constants/Not set)
2025-11-20T20:08:53.196796+00:00 DEBUG 'ansible_navigator.main' After rollback: ansible_runner_write_job_events = 'Not set' (Constants/Not set)
2025-11-20T20:08:53.196810+00:00 DEBUG 'ansible_navigator.main' After rollback: app = 'Not set' (Constants/Not set)
2025-11-20T20:08:53.196822+00:00 DEBUG 'ansible_navigator.main' After rollback: cmdline = 'Not set' (Constants/Not set)
2025-11-20T20:08:53.196832+00:00 DEBUG 'ansible_navigator.main' After rollback: collection_doc_cache_path = 'Not set' (Constants/Not set)
2025-11-20T20:08:53.196842+00:00 DEBUG 'ansible_navigator.main' After rollback: config = 'Not set' (Constants/Not set)
2025-11-20T20:08:53.196852+00:00 DEBUG 'ansible_navigator.main' After rollback: container_engine = 'Not set' (Constants/Not set)
2025-11-20T20:08:53.196862+00:00 DEBUG 'ansible_navigator.main' After rollback: container_options = 'Not set' (Constants/Not set)
2025-11-20T20:08:53.196871+00:00 DEBUG 'ansible_navigator.main' After rollback: display_color = 'Not set' (Constants/Not set)
2025-11-20T20:08:53.196880+00:00 DEBUG 'ansible_navigator.main' After rollback: editor_command = 'Not set' (Constants/Not set)
2025-11-20T20:08:53.196890+00:00 DEBUG 'ansible_navigator.main' After rollback: editor_console = 'Not set' (Constants/Not set)
2025-11-20T20:08:53.196899+00:00 DEBUG 'ansible_navigator.main' After rollback: enable_prompts = 'Not set' (Constants/Not set)
2025-11-20T20:08:53.196908+00:00 DEBUG 'ansible_navigator.main' After rollback: exec_command = 'Not set' (Constants/Not set)
2025-11-20T20:08:53.196918+00:00 DEBUG 'ansible_navigator.main' After rollback: exec_shell = 'Not set' (Constants/Not set)
2025-11-20T20:08:53.196928+00:00 DEBUG 'ansible_navigator.main' After rollback: execution_environment = 'Not set' (Constants/Not set)
2025-11-20T20:08:53.196938+00:00 DEBUG 'ansible_navigator.main' After rollback: execution_environment_image = 'Not set' (Constants/Not set)
2025-11-20T20:08:53.196947+00:00 DEBUG 'ansible_navigator.main' After rollback: execution_environment_volume_mounts = 'Not set' (Constants/Not set)
2025-11-20T20:08:53.196957+00:00 DEBUG 'ansible_navigator.main' After rollback: format = 'Not set' (Constants/Not set)
2025-11-20T20:08:53.196971+00:00 DEBUG 'ansible_navigator.main' After rollback: help_builder = 'Not set' (Constants/Not set)
2025-11-20T20:08:53.196983+00:00 DEBUG 'ansible_navigator.main' After rollback: help_config = 'Not set' (Constants/Not set)
2025-11-20T20:08:53.196996+00:00 DEBUG 'ansible_navigator.main' After rollback: help_doc = 'Not set' (Constants/Not set)
2025-11-20T20:08:53.197012+00:00 DEBUG 'ansible_navigator.main' After rollback: help_inventory = 'Not set' (Constants/Not set)
2025-11-20T20:08:53.197022+00:00 DEBUG 'ansible_navigator.main' After rollback: help_playbook = 'Not set' (Constants/Not set)
2025-11-20T20:08:53.197031+00:00 DEBUG 'ansible_navigator.main' After rollback: images_details = 'Not set' (Constants/Not set)
2025-11-20T20:08:53.197041+00:00 DEBUG 'ansible_navigator.main' After rollback: inventory = 'Not set' (Constants/Not set)
2025-11-20T20:08:53.197050+00:00 DEBUG 'ansible_navigator.main' After rollback: inventory_column = 'Not set' (Constants/Not set)
2025-11-20T20:08:53.197060+00:00 DEBUG 'ansible_navigator.main' After rollback: lint_config = 'Not set' (Constants/Not set)
2025-11-20T20:08:53.197069+00:00 DEBUG 'ansible_navigator.main' After rollback: lintables = 'Not set' (Constants/Not set)
2025-11-20T20:08:53.197079+00:00 DEBUG 'ansible_navigator.main' After rollback: log_append = 'Not set' (Constants/Not set)
2025-11-20T20:08:53.197088+00:00 DEBUG 'ansible_navigator.main' After rollback: log_file = 'Not set' (Constants/Not set)
2025-11-20T20:08:53.197098+00:00 DEBUG 'ansible_navigator.main' After rollback: log_level = 'Not set' (Constants/Not set)
2025-11-20T20:08:53.197107+00:00 DEBUG 'ansible_navigator.main' After rollback: mode = 'Not set' (Constants/Not set)
2025-11-20T20:08:53.197116+00:00 DEBUG 'ansible_navigator.main' After rollback: osc4 = 'Not set' (Constants/Not set)
2025-11-20T20:08:53.197127+00:00 DEBUG 'ansible_navigator.main' After rollback: pass_environment_variable = 'Not set' (Constants/Not set)
2025-11-20T20:08:53.197147+00:00 DEBUG 'ansible_navigator.main' After rollback: playbook = 'Not set' (Constants/Not set)
2025-11-20T20:08:53.197159+00:00 DEBUG 'ansible_navigator.main' After rollback: playbook_artifact_enable = 'Not set' (Constants/Not set)
2025-11-20T20:08:53.197170+00:00 DEBUG 'ansible_navigator.main' After rollback: playbook_artifact_replay = 'Not set' (Constants/Not set)
2025-11-20T20:08:53.197180+00:00 DEBUG 'ansible_navigator.main' After rollback: playbook_artifact_save_as = 'Not set' (Constants/Not set)
2025-11-20T20:08:53.197190+00:00 DEBUG 'ansible_navigator.main' After rollback: plugin_name = 'Not set' (Constants/Not set)
2025-11-20T20:08:53.197200+00:00 DEBUG 'ansible_navigator.main' After rollback: plugin_type = 'Not set' (Constants/Not set)
2025-11-20T20:08:53.197209+00:00 DEBUG 'ansible_navigator.main' After rollback: pull_arguments = 'Not set' (Constants/Not set)
2025-11-20T20:08:53.197219+00:00 DEBUG 'ansible_navigator.main' After rollback: pull_policy = 'Not set' (Constants/Not set)
2025-11-20T20:08:53.197229+00:00 DEBUG 'ansible_navigator.main' After rollback: set_environment_variable = 'Not set' (Constants/Not set)
2025-11-20T20:08:53.197238+00:00 DEBUG 'ansible_navigator.main' After rollback: settings_effective = 'Not set' (Constants/Not set)
2025-11-20T20:08:53.197248+00:00 DEBUG 'ansible_navigator.main' After rollback: settings_sample = 'Not set' (Constants/Not set)
2025-11-20T20:08:53.197258+00:00 DEBUG 'ansible_navigator.main' After rollback: settings_schema = 'Not set' (Constants/Not set)
2025-11-20T20:08:53.197268+00:00 DEBUG 'ansible_navigator.main' After rollback: settings_sources = 'Not set' (Constants/Not set)
2025-11-20T20:08:53.197277+00:00 DEBUG 'ansible_navigator.main' After rollback: time_zone = 'Not set' (Constants/Not set)
2025-11-20T20:08:53.197287+00:00 DEBUG 'ansible_navigator.main' After rollback: workdir = 'Not set' (Constants/Not set)
2025-11-20T20:08:53.197297+00:00 DEBUG 'ansible_navigator.main' Configuration rollback complete.
2025-11-20T20:08:53.197306+00:00 DEBUG 'ansible_navigator.main' Collection doc cache not mounted
2025-11-20T20:08:53.197322+00:00 WARNING 'ansible_navigator.main' Issues were found while applying the settings.
2025-11-20T20:08:53.197334+00:00 INFO 'ansible_navigator.main' Command provided: 'collection install ansible.builtin --eei 192.168.124.24/ee-supported-rhel8:latest'
2025-11-20T20:08:53.197346+00:00 ERROR 'ansible_navigator.main' argument {subcommand} --help: invalid choice: 'collection' (choose from 'builder', 'collections', 'config', 'doc', 'exec', 'images', 'inventory', 'lint', 'replay', 'run', 'settings', 'welcome')
2025-11-20T20:08:53.197360+00:00 INFO 'ansible_navigator.main' Configuration failed, using default log file location. (/home/ansible/ansible/ansible-navigator.log) Log level set to debug
2025-11-20T20:08:53.197371+00:00 INFO 'ansible_navigator.main' Review the hints and log file to see what went wrong.
2025-11-20T20:09:11.922817+00:00 WARNING 'ansible_navigator.image_manager.puller._log_message' Image inspection failed, image assumed to be corrupted or missing
2025-11-20T20:09:11.923113+00:00 WARNING 'ansible_navigator.image_manager.puller._log_message' stdout: []

2025-11-20T20:09:11.923141+00:00 WARNING 'ansible_navigator.image_manager.puller._log_message' stderr: Error: 192.168.124.24/ee-minimal-rhel8:latest: image not known

2025-11-20T20:09:12.018153+00:00 ERROR 'ansible_navigator.image_manager.puller._log_message' Execution environment pull failed
